<?xml version="1.0" encoding="UTF-8"?>
<!-- Generated by org.testng.reporters.JUnitReportReporter -->
<testsuite hostname="DESKTOP-91B94BG" failures="0" tests="1" name="com.LearningSelenium.basics.SeleniumTest1" time="12.023" errors="0" timestamp="2025-05-18T17:57:51 IST" skipped="0">
  <testcase classname="com.LearningSelenium.basics.SeleniumTest1" name="launchBrowser" time="12.023"/>
</testsuite> <!-- com.LearningSelenium.basics.SeleniumTest1 -->
