<?xml version="1.0" encoding="UTF-8"?>
<!-- Generated by org.testng.reporters.JUnitReportReporter -->
<testsuite hostname="DESKTOP-91B94BG" failures="0" tests="1" name="com.LearningSelenium.basics.SeleniumTest2" time="7.696" errors="0" timestamp="2025-05-18T19:07:17 IST" skipped="0">
  <testcase classname="com.LearningSelenium.basics.SeleniumTest2" name="launchBrowser" time="7.696"/>
</testsuite> <!-- com.LearningSelenium.basics.SeleniumTest2 -->
